<?xml version="1.0" encoding="UTF-8"?>
<!-- Generated by org.testng.reporters.JUnitXMLReporter -->
<testsuite hostname="DESKTOP-Q9U7V40" ignored="0" name="Test" tests="12" failures="0" timestamp="2024-03-29T09:00:21 IST" time="51.904" errors="0">
  <testcase name="postAPIRequest" time="5.952" classname="com.restassured.tests.PostAPIRequestUsingFile"/>
  <testcase name="DataDrivenUsingJson" time="1.717" classname="com.restassured.tests.DatadrivenapitestingusingJson"/>
  <testcase name="DataDrivenUsingJson" time="1.398" classname="com.restassured.tests.DatadrivenapitestingusingJson"/>
  <testcase name="DataDrivenUsingJson" time="1.303" classname="com.restassured.tests.DatadrivenapitestingusingJson"/>
  <testcase name="DataDrivenUsingJson" time="1.301" classname="com.restassured.tests.DatadrivenapitestingusingJson"/>
  <testcase name="patchAPIRequest" time="7.26" classname="com.restassured.tests.PatchAPIRequest"/>
  <testcase name="createBooking" time="2.702" classname="com.restassured.tests.PostAPIRequest"/>
  <testcase name="EndToEndAPIRequest" time="9.267" classname="com.restassured.tests.Allurereportgeneration"/>
  <testcase name="getAllBookings" time="2.012" classname="com.restassured.tests.GetAPIRequest"/>
  <testcase name="EndToEndAPIRequest" time="8.659" classname="com.restassured.tests.EndtoEndAPIRequest"/>
  <testcase name="putAPIRequest" time="5.601" classname="com.restassured.tests.PutAPIRequest"/>
  <testcase name="postAPIReqeust" time="3.651" classname="com.restassured.tests.PostAPIRequestUsingPojos"/>
</testsuite> <!-- Test -->
