<?xml version="1.0" encoding="UTF-8"?>
<testsuite xmlns:xsi="http://www.w3.org/2001/XMLSchema-instance" xsi:noNamespaceSchemaLocation="https://maven.apache.org/surefire/maven-surefire-plugin/xsd/surefire-test-report.xsd" name="TestSuite" time="54.227" tests="12" errors="0" skipped="0" failures="0">
  <properties>
[...]
</properties>
  <testcase name="postAPIRequest" classname="com.restassured.tests.PostAPIRequestUsingFile" time="5.956"/>
  <testcase name="DataDrivenUsingJson" classname="com.restassured.tests.DatadrivenapitestingusingJson" time="1.717"/>
  <testcase name="DataDrivenUsingJson" classname="com.restassured.tests.DatadrivenapitestingusingJson" time="1.397"/>
  <testcase name="DataDrivenUsingJson" classname="com.restassured.tests.DatadrivenapitestingusingJson" time="1.304"/>
  <testcase name="DataDrivenUsingJson" classname="com.restassured.tests.DatadrivenapitestingusingJson" time="1.302"/>
  <testcase name="patchAPIRequest" classname="com.restassured.tests.PatchAPIRequest" time="7.26"/>
  <testcase name="createBooking" classname="com.restassured.tests.PostAPIRequest" time="2.702"/>
  <testcase name="EndToEndAPIRequest" classname="com.restassured.tests.Allurereportgeneration" time="9.268"/>
  <testcase name="getAllBookings" classname="com.restassured.tests.GetAPIRequest" time="2.011"/>
  <testcase name="EndToEndAPIRequest" classname="com.restassured.tests.EndtoEndAPIRequest" time="8.66"/>
  <testcase name="putAPIRequest" classname="com.restassured.tests.PutAPIRequest" time="5.599"/>
  <testcase name="postAPIReqeust" classname="com.restassured.tests.PostAPIRequestUsingPojos" time="3.652"/>
</testsuite>